Circuit: * Z:\Documents\workspace\hardware\FlexModules\sensors\ECGADCBuffer\notched\sims\ECGACTNTCHLPBFR.asc

WARNING: Less than two connections to node U1:VB_2_VREF.  This node is used by E:U1:58.
Instance "m:u1:_nmos1": Length shorter than recommended for a level 1 MOSFET.
Instance "m:u1:_nmos1": Width narrower than recommended for a level 1 MOSFET.
Instance "m:u1:_nmos2": Length shorter than recommended for a level 1 MOSFET.
Instance "m:u1:_nmos2": Width narrower than recommended for a level 1 MOSFET.
Direct Newton iteration for .op point succeeded.

Date: Thu Jun 18 01:13:25 2015
Total elapsed time: 0.140 seconds.

tnom = 27
temp = 27
method = modified trap
totiter = 4070
traniter = 4042
tranpoints = 2022
accept = 2022
rejected = 0
matrix size = 107
fillins = 80
solver = Normal
Thread vector: 29.6/8.5[2] 3.0/2.4[2] 4.6/2.9[2] 1.0/1.7[1]  2592/500
Matrix Compiler1: 7.20 KB object code size  2.1/1.1/[0.7]
Matrix Compiler2: 8.62 KB object code size  1.1/2.4/[1.0]


